  main.cpp
C:\Users\ed9ba\source\repos\traffic_sim\main.cpp(106,25): warning C4305: 'argument': truncation from 'double' to 'float'
C:\Users\ed9ba\source\repos\traffic_sim\main.cpp(132,40): warning C4244: '/=': conversion from 'T' to 'T', possible loss of data
C:\Users\ed9ba\source\repos\traffic_sim\main.cpp(132,40): warning C4244:         with
C:\Users\ed9ba\source\repos\traffic_sim\main.cpp(132,40): warning C4244:         [
C:\Users\ed9ba\source\repos\traffic_sim\main.cpp(132,40): warning C4244:             T=float
C:\Users\ed9ba\source\repos\traffic_sim\main.cpp(132,40): warning C4244:         ]
C:\Users\ed9ba\source\repos\traffic_sim\main.cpp(132,40): warning C4244:         and
C:\Users\ed9ba\source\repos\traffic_sim\main.cpp(132,40): warning C4244:         [
C:\Users\ed9ba\source\repos\traffic_sim\main.cpp(132,40): warning C4244:             T=int
C:\Users\ed9ba\source\repos\traffic_sim\main.cpp(132,40): warning C4244:         ]
C:\Users\ed9ba\source\repos\traffic_sim\main.cpp(133,40): warning C4244: '/=': conversion from 'T' to 'T', possible loss of data
C:\Users\ed9ba\source\repos\traffic_sim\main.cpp(133,40): warning C4244:         with
C:\Users\ed9ba\source\repos\traffic_sim\main.cpp(133,40): warning C4244:         [
C:\Users\ed9ba\source\repos\traffic_sim\main.cpp(133,40): warning C4244:             T=float
C:\Users\ed9ba\source\repos\traffic_sim\main.cpp(133,40): warning C4244:         ]
C:\Users\ed9ba\source\repos\traffic_sim\main.cpp(133,40): warning C4244:         and
C:\Users\ed9ba\source\repos\traffic_sim\main.cpp(133,40): warning C4244:         [
C:\Users\ed9ba\source\repos\traffic_sim\main.cpp(133,40): warning C4244:             T=int
C:\Users\ed9ba\source\repos\traffic_sim\main.cpp(133,40): warning C4244:         ]
C:\Users\ed9ba\source\repos\traffic_sim\main.cpp(146,28): warning C4244: '/=': conversion from 'T' to 'T', possible loss of data
C:\Users\ed9ba\source\repos\traffic_sim\main.cpp(146,28): warning C4244:         with
C:\Users\ed9ba\source\repos\traffic_sim\main.cpp(146,28): warning C4244:         [
C:\Users\ed9ba\source\repos\traffic_sim\main.cpp(146,28): warning C4244:             T=float
C:\Users\ed9ba\source\repos\traffic_sim\main.cpp(146,28): warning C4244:         ]
C:\Users\ed9ba\source\repos\traffic_sim\main.cpp(146,28): warning C4244:         and
C:\Users\ed9ba\source\repos\traffic_sim\main.cpp(146,28): warning C4244:         [
C:\Users\ed9ba\source\repos\traffic_sim\main.cpp(146,28): warning C4244:             T=int
C:\Users\ed9ba\source\repos\traffic_sim\main.cpp(146,28): warning C4244:         ]
C:\Users\ed9ba\source\repos\traffic_sim\main.cpp(147,28): warning C4244: '/=': conversion from 'T' to 'T', possible loss of data
C:\Users\ed9ba\source\repos\traffic_sim\main.cpp(147,28): warning C4244:         with
C:\Users\ed9ba\source\repos\traffic_sim\main.cpp(147,28): warning C4244:         [
C:\Users\ed9ba\source\repos\traffic_sim\main.cpp(147,28): warning C4244:             T=float
C:\Users\ed9ba\source\repos\traffic_sim\main.cpp(147,28): warning C4244:         ]
C:\Users\ed9ba\source\repos\traffic_sim\main.cpp(147,28): warning C4244:         and
C:\Users\ed9ba\source\repos\traffic_sim\main.cpp(147,28): warning C4244:         [
C:\Users\ed9ba\source\repos\traffic_sim\main.cpp(147,28): warning C4244:             T=int
C:\Users\ed9ba\source\repos\traffic_sim\main.cpp(147,28): warning C4244:         ]
TrafficSim\x64\Release\Traffic.obj : warning LNK4042: object specified more than once; extras ignored
  Generating code
  11 of 242 functions ( 4.5%) were compiled, the rest were copied from previous compilation.
    10 functions were new in current compilation
    0 functions had inline decision re-evaluated but remain unchanged
  Finished generating code
  TrafficSim.vcxproj -> C:\Users\ed9ba\Source\Repos\traffic_sim\x64\Release\TrafficSim.exe
